[96mAlchemy[0m (v0.83.0)
App: ralphwiggums
Phase: up
Stage: jordan
[93mWARN[0m Development mode is in beta. Please report any issues to https://github.com/alchemy-run/alchemy/issues.
[35m[creating]  [0m[90mrate-limit[0m Creating Resource...
[92m[created]   [0m[90mrate-limit[0m Created Resource
[35m[creating]  [0m[90mralph-container[0m Creating Resource...
#0 building with "desktop-linux" instance using docker driver

#1 [internal] load build definition from Dockerfile
#1 transferring dockerfile: 235B done
#1 DONE 0.0s

#2 [internal] load metadata for docker.io/oven/bun:1-alpine
#2 DONE 0.4s

#3 [internal] load .dockerignore
#3 transferring context: 2B done
#3 DONE 0.0s

#4 [1/5] FROM docker.io/oven/bun:1-alpine@sha256:7156fcc0cee0194d390bfaf7f0eeda9a5e383e70cc90f31aad3a2440a033d7dc
#4 resolve docker.io/oven/bun:1-alpine@sha256:7156fcc0cee0194d390bfaf7f0eeda9a5e383e70cc90f31aad3a2440a033d7dc done
#4 DONE 0.0s

#5 [internal] load build context
#5 transferring context: 531B 0.7s done
#5 DONE 0.7s

#6 [2/5] WORKDIR /app
#6 CACHED

#7 [3/5] COPY package.json bun.lock* ./
#7 CACHED

#8 [4/5] RUN bun install
#8 CACHED

#9 [5/5] COPY container/ .
#9 CACHED

#10 exporting to image
#10 exporting layers done
#10 exporting manifest sha256:097f981fd11bd0b59b7a52d97959cb6542e85447107d28aef6ce05cff1fddbac done
#10 exporting config sha256:8e4dbecdfe98128c2c2a6532896c8e93478303e8e7f320997e7492626f3f2d05 done
#10 exporting attestation manifest sha256:35c8ce79a42f49255b1bb2e2582e076ad522ed922fde7ef90c1511787b7b7a3a 0.0s done
#10 exporting manifest list sha256:674c744e21af58498ac5604a81029359de2f67d68a9fd8c5e56a52ffabec6b83 done
#10 naming to docker.io/cloudflare-dev/ralphwiggums-ralph-container-jordan:latest-1767818332900 done
#10 DONE 0.0s

View build details: docker-desktop://dashboard/build/desktop-linux/desktop-linux/nqbjkayoplpiehvvi84dzm75n
[92m[created]   [0m[90mralph-container[0m Created Resource
[35m[creating]  [0m[90mralphwiggums-api[0m Creating Resource...
▲ [WARNING] Cannot find base config file "./.svelte-kit/tsconfig.json" [tsconfig.json]

    tsconfig.json:2:12:
      2 │   "extends": "./.svelte-kit/tsconfig.json",
        ╵              ~~~~~~~~~~~~~~~~~~~~~~~~~~~~~

RalphWiggums Container Server starting on port 8081...
[96m[dev]       [0m[90mralphwiggums-api[0m Ready at http://localhost:1337/
[35m[creating]  [0m[90mralphwiggums-api > ralph-container[0m Creating Resource...
[92m[created]   [0m[90mralphwiggums-api > ralph-container[0m Created Resource
[92m[created]   [0m[90mralphwiggums-api[0m Created Resource
▲ [WARNING] Cannot find base config file "./.svelte-kit/tsconfig.json" [tsconfig.json]

    tsconfig.json:2:12:
      2 │   "extends": "./.svelte-kit/tsconfig.json",
        ╵              ~~~~~~~~~~~~~~~~~~~~~~~~~~~~~

[2m3:38:56 PM[22m [36m[1m[vite][22m[39m [90m[2m(client)[22m[39m Forced re-optimization of dependencies

  [32m[1mVITE[22m v7.3.0[39m  [2mready in [0m[1m726[22m[2m[0m ms[22m

  [32m➜[39m  [1mLocal[22m:   [36mhttp://localhost:[1m5173[22m/[39m
[2m  [32m➜[39m  [1mNetwork[22m[2m: use [22m[1m--host[22m[2m to expose[22m
[35m[creating]  [0m[90mralphwiggums-demo[0m Creating Resource...
[35m[creating]  [0m[90mralphwiggums-demo > url[0m Creating Resource...
[92m[created]   [0m[90mralphwiggums-demo > url[0m Created Resource
[92m[created]   [0m[90mralphwiggums-demo[0m Created Resource
{
  [0murl[2m:[0m [0m[32m[0m[32m"http://localhost:5173/"[0m[0m[0m[2m,[0m
}
[96m[dev]       [0m[90mralphwiggums-api[0m Rebuilding
RalphWiggums Container Server starting on port 8081...
[96m[dev]       [0m[90mralphwiggums-api[0m Updated
[2m3:39:01 PM[22m [31m[1m[vite][22m[39m [31m[2m(ssr)[22m[39m [31mError when evaluating SSR module /src/routes/+page.svelte: src/lib/ExtractionForm.svelte:6:15 Cannot use rune without parentheses
https://svelte.dev/e/rune_missing_parentheses[39m
  Plugin: [35mvite-plugin-svelte:compile[39m
  File: [36msrc/lib/ExtractionForm.svelte[39m:6:15
[33m   4 |    let instructions = $state('name, price, description, key features, star rating, in stock status');
   5 |    let loading = $state(false);
   6 |    let output = $state<string | null>(null);
                             ^
   7 |    let error = $state<string | null>(null);
   8 |  [39m

[1;31m[500] GET /[0m

[2m3:39:02 PM[22m [36m[1m[vite][22m[39m [34m[2m(ssr)[22m[39m [32mhmr update [39m[2m/src/app.css[22m
[2m3:39:02 PM[22m [36m[1m[vite][22m[39m [34m[2m(ssr)[22m[39m [32mpage reload [39m[2m.alchemy/pids/ralphwiggums-ralphwiggums-demo-jordan.pid.json[22m
[2m3:39:02 PM[22m [36m[1m[vite][22m[39m [34m[2m(ssr)[22m[39m [32mpage reload [39m[2m.alchemy/pids/ralphwiggums-ralphwiggums-demo-jordan.pid.json[22m
[2m3:39:02 PM[22m [36m[1m[vite][22m[39m [90m[2m(client)[22m[39m [32mhmr update [39m[2m/src/app.css[22m
[2m3:39:02 PM[22m [36m[1m[vite][22m[39m [34m[2m(ssr)[22m[39m [32mpage reload [39m[2m.alchemy/pids/ralphwiggums-ralphwiggums-demo-jordan.pid.json[22m

[1;31m[500] GET /[0m

[2m3:39:02 PM[22m [36m[1m[vite][22m[39m [90m[2m(client)[22m[39m [32mhmr update [39m[2m/src/app.css[22m
[2m3:39:02 PM[22m [36m[1m[vite][22m[39m [34m[2m(ssr)[22m[39m [32mpage reload [39m[2m.alchemy/pids/ralphwiggums-ralphwiggums-demo-jordan.pid.json[22m

[1;31m[500] GET /[0m

[2m3:39:02 PM[22m [36m[1m[vite][22m[39m [90m[2m(client)[22m[39m [32mhmr update [39m[2m/src/app.css[22m
[2m3:39:02 PM[22m [36m[1m[vite][22m[39m [34m[2m(ssr)[22m[39m [32mpage reload [39m[2m.alchemy/pids/ralphwiggums-ralphwiggums-demo-jordan.pid.json[22m

[1;31m[500] GET /[0m

[2m3:39:03 PM[22m [36m[1m[vite][22m[39m [90m[2m(client)[22m[39m [32mhmr update [39m[2m/src/app.css[22m
[2m3:39:03 PM[22m [36m[1m[vite][22m[39m [34m[2m(ssr)[22m[39m [32mpage reload [39m[2m.alchemy/pids/ralphwiggums-ralphwiggums-demo-jordan.pid.json[22m

[1;31m[500] GET /[0m

[2m3:39:03 PM[22m [36m[1m[vite][22m[39m [90m[2m(client)[22m[39m [32mhmr update [39m[2m/src/app.css[22m
[2m3:39:03 PM[22m [36m[1m[vite][22m[39m [34m[2m(ssr)[22m[39m [32mpage reload [39m[2m.alchemy/pids/ralphwiggums-ralphwiggums-demo-jordan.pid.json[22m

[1;31m[500] GET /[0m

[2m3:39:03 PM[22m [36m[1m[vite][22m[39m [90m[2m(client)[22m[39m [32mhmr update [39m[2m/src/app.css[22m
[2m3:39:03 PM[22m [36m[1m[vite][22m[39m [34m[2m(ssr)[22m[39m [32mpage reload [39m[2m.alchemy/pids/ralphwiggums-ralphwiggums-demo-jordan.pid.json[22m

[1;31m[500] GET /[0m

[2m3:39:03 PM[22m [36m[1m[vite][22m[39m [90m[2m(client)[22m[39m [32mhmr update [39m[2m/src/app.css[22m
[2m3:39:03 PM[22m [36m[1m[vite][22m[39m [34m[2m(ssr)[22m[39m [32mpage reload [39m[2m.alchemy/pids/ralphwiggums-ralphwiggums-demo-jordan.pid.json[22m

[1;31m[500] GET /[0m

[2m3:39:03 PM[22m [36m[1m[vite][22m[39m [90m[2m(client)[22m[39m [32mhmr update [39m[2m/src/app.css[22m
[2m3:39:03 PM[22m [36m[1m[vite][22m[39m [34m[2m(ssr)[22m[39m [32mpage reload [39m[2m.alchemy/pids/ralphwiggums-ralphwiggums-demo-jordan.pid.json[22m

[1;31m[500] GET /[0m

[2m3:39:03 PM[22m [36m[1m[vite][22m[39m [90m[2m(client)[22m[39m [32mhmr update [39m[2m/src/app.css[22m
[2m3:39:03 PM[22m [36m[1m[vite][22m[39m [34m[2m(ssr)[22m[39m [32mpage reload [39m[2m.alchemy/pids/ralphwiggums-ralphwiggums-demo-jordan.pid.json[22m

[1;31m[500] GET /[0m

[2m3:39:03 PM[22m [36m[1m[vite][22m[39m [90m[2m(client)[22m[39m [32mhmr update [39m[2m/src/app.css[22m
[2m3:39:03 PM[22m [36m[1m[vite][22m[39m [34m[2m(ssr)[22m[39m [32mpage reload [39m[2m.alchemy/pids/ralphwiggums-ralphwiggums-demo-jordan.pid.json[22m

[1;31m[500] GET /[0m

[2m3:39:03 PM[22m [36m[1m[vite][22m[39m [90m[2m(client)[22m[39m [32mhmr update [39m[2m/src/app.css[22m
[2m3:39:03 PM[22m [36m[1m[vite][22m[39m [34m[2m(ssr)[22m[39m [32mpage reload [39m[2m.alchemy/pids/ralphwiggums-ralphwiggums-demo-jordan.pid.json[22m

[1;31m[500] GET /[0m

[2m3:39:03 PM[22m [36m[1m[vite][22m[39m [90m[2m(client)[22m[39m [32mhmr update [39m[2m/src/app.css[22m
[2m3:39:03 PM[22m [36m[1m[vite][22m[39m [34m[2m(ssr)[22m[39m [32mpage reload [39m[2m.alchemy/pids/ralphwiggums-ralphwiggums-demo-jordan.pid.json[22m

[1;31m[500] GET /[0m

[2m3:39:03 PM[22m [36m[1m[vite][22m[39m [90m[2m(client)[22m[39m [32mhmr update [39m[2m/src/app.css[22m
[2m3:39:03 PM[22m [36m[1m[vite][22m[39m [34m[2m(ssr)[22m[39m [32mpage reload [39m[2m.alchemy/pids/ralphwiggums-ralphwiggums-demo-jordan.pid.json[22m

[1;31m[500] GET /[0m

[2m3:39:04 PM[22m [36m[1m[vite][22m[39m [90m[2m(client)[22m[39m [32mhmr update [39m[2m/src/app.css[22m
[2m3:39:04 PM[22m [36m[1m[vite][22m[39m [34m[2m(ssr)[22m[39m [32mpage reload [39m[2m.alchemy/pids/ralphwiggums-ralphwiggums-demo-jordan.pid.json[22m

[1;31m[500] GET /[0m

[2m3:39:04 PM[22m [36m[1m[vite][22m[39m [90m[2m(client)[22m[39m [32mhmr update [39m[2m/src/app.css[22m
[2m3:39:04 PM[22m [36m[1m[vite][22m[39m [34m[2m(ssr)[22m[39m [32mpage reload [39m[2m.alchemy/pids/ralphwiggums-ralphwiggums-demo-jordan.pid.json[22m

[1;31m[500] GET /[0m

[2m3:39:04 PM[22m [36m[1m[vite][22m[39m [90m[2m(client)[22m[39m [32mhmr update [39m[2m/src/app.css[22m
[2m3:39:04 PM[22m [36m[1m[vite][22m[39m [34m[2m(ssr)[22m[39m [32mpage reload [39m[2m.alchemy/pids/ralphwiggums-ralphwiggums-demo-jordan.pid.json[22m

[1;31m[500] GET /[0m

[2m3:39:04 PM[22m [36m[1m[vite][22m[39m [90m[2m(client)[22m[39m [32mhmr update [39m[2m/src/app.css[22m
[2m3:39:04 PM[22m [36m[1m[vite][22m[39m [34m[2m(ssr)[22m[39m [32mpage reload [39m[2m.alchemy/pids/ralphwiggums-ralphwiggums-demo-jordan.pid.json[22m

[1;31m[500] GET /[0m

[2m3:39:04 PM[22m [36m[1m[vite][22m[39m [90m[2m(client)[22m[39m [32mhmr update [39m[2m/src/app.css[22m
[2m3:39:04 PM[22m [36m[1m[vite][22m[39m [34m[2m(ssr)[22m[39m [32mpage reload [39m[2m.alchemy/pids/ralphwiggums-ralphwiggums-demo-jordan.pid.json[22m

[1;31m[500] GET /[0m

[2m3:39:04 PM[22m [36m[1m[vite][22m[39m [90m[2m(client)[22m[39m [32mhmr update [39m[2m/src/app.css[22m
[2m3:39:04 PM[22m [36m[1m[vite][22m[39m [34m[2m(ssr)[22m[39m [32mpage reload [39m[2m.alchemy/pids/ralphwiggums-ralphwiggums-demo-jordan.pid.json[22m

[1;31m[500] GET /[0m

[2m3:39:04 PM[22m [36m[1m[vite][22m[39m [90m[2m(client)[22m[39m [32mhmr update [39m[2m/src/app.css[22m
[2m3:39:04 PM[22m [36m[1m[vite][22m[39m [34m[2m(ssr)[22m[39m [32mpage reload [39m[2m.alchemy/pids/ralphwiggums-ralphwiggums-demo-jordan.pid.json[22m

[1;31m[500] GET /[0m

[2m3:39:04 PM[22m [36m[1m[vite][22m[39m [90m[2m(client)[22m[39m [32mhmr update [39m[2m/src/app.css[22m
[2m3:39:04 PM[22m [36m[1m[vite][22m[39m [34m[2m(ssr)[22m[39m [32mpage reload [39m[2m.alchemy/pids/ralphwiggums-ralphwiggums-demo-jordan.pid.json[22m

[1;31m[500] GET /[0m

[2m3:39:04 PM[22m [36m[1m[vite][22m[39m [90m[2m(client)[22m[39m [32mhmr update [39m[2m/src/app.css[22m
[2m3:39:04 PM[22m [36m[1m[vite][22m[39m [34m[2m(ssr)[22m[39m [32mpage reload [39m[2m.alchemy/pids/ralphwiggums-ralphwiggums-demo-jordan.pid.json[22m

[1;31m[500] GET /[0m

[2m3:39:05 PM[22m [36m[1m[vite][22m[39m [90m[2m(client)[22m[39m [32mhmr update [39m[2m/src/app.css[22m
[2m3:39:05 PM[22m [36m[1m[vite][22m[39m [34m[2m(ssr)[22m[39m [32mpage reload [39m[2m.alchemy/pids/ralphwiggums-ralphwiggums-demo-jordan.pid.json[22m

[1;31m[500] GET /[0m

[2m3:39:05 PM[22m [36m[1m[vite][22m[39m [90m[2m(client)[22m[39m [32mhmr update [39m[2m/src/app.css[22m
[2m3:39:05 PM[22m [36m[1m[vite][22m[39m [34m[2m(ssr)[22m[39m [32mpage reload [39m[2m.alchemy/pids/ralphwiggums-ralphwiggums-demo-jordan.pid.json[22m

[1;31m[500] GET /[0m

[2m3:39:05 PM[22m [36m[1m[vite][22m[39m [90m[2m(client)[22m[39m [32mhmr update [39m[2m/src/app.css[22m
[2m3:39:05 PM[22m [36m[1m[vite][22m[39m [34m[2m(ssr)[22m[39m [32mpage reload [39m[2m.alchemy/pids/ralphwiggums-ralphwiggums-demo-jordan.pid.json[22m

[1;31m[500] GET /[0m

[2m3:39:05 PM[22m [36m[1m[vite][22m[39m [90m[2m(client)[22m[39m [32mhmr update [39m[2m/src/app.css[22m
[2m3:39:05 PM[22m [36m[1m[vite][22m[39m [34m[2m(ssr)[22m[39m [32mpage reload [39m[2m.alchemy/pids/ralphwiggums-ralphwiggums-demo-jordan.pid.json[22m

[1;31m[500] GET /[0m

[2m3:39:05 PM[22m [36m[1m[vite][22m[39m [90m[2m(client)[22m[39m [32mhmr update [39m[2m/src/app.css[22m
[2m3:39:05 PM[22m [36m[1m[vite][22m[39m [34m[2m(ssr)[22m[39m [32mpage reload [39m[2m.alchemy/pids/ralphwiggums-ralphwiggums-demo-jordan.pid.json[22m

[1;31m[500] GET /[0m

[2m3:39:05 PM[22m [36m[1m[vite][22m[39m [90m[2m(client)[22m[39m [32mhmr update [39m[2m/src/app.css[22m
[2m3:39:05 PM[22m [36m[1m[vite][22m[39m [34m[2m(ssr)[22m[39m [32mpage reload [39m[2m.alchemy/pids/ralphwiggums-ralphwiggums-demo-jordan.pid.json[22m

[1;31m[500] GET /[0m

[2m3:39:05 PM[22m [36m[1m[vite][22m[39m [90m[2m(client)[22m[39m [32mhmr update [39m[2m/src/app.css[22m
[2m3:39:05 PM[22m [36m[1m[vite][22m[39m [34m[2m(ssr)[22m[39m [32mpage reload [39m[2m.alchemy/pids/ralphwiggums-ralphwiggums-demo-jordan.pid.json[22m

[1;31m[500] GET /[0m

[2m3:39:05 PM[22m [36m[1m[vite][22m[39m [90m[2m(client)[22m[39m [32mhmr update [39m[2m/src/app.css[22m
[2m3:39:05 PM[22m [36m[1m[vite][22m[39m [34m[2m(ssr)[22m[39m [32mpage reload [39m[2m.alchemy/pids/ralphwiggums-ralphwiggums-demo-jordan.pid.json[22m

[1;31m[500] GET /[0m

[2m3:39:05 PM[22m [36m[1m[vite][22m[39m [90m[2m(client)[22m[39m [32mhmr update [39m[2m/src/app.css[22m
[2m3:39:05 PM[22m [36m[1m[vite][22m[39m [34m[2m(ssr)[22m[39m [32mpage reload [39m[2m.alchemy/pids/ralphwiggums-ralphwiggums-demo-jordan.pid.json[22m

[1;31m[500] GET /[0m

[2m3:39:05 PM[22m [36m[1m[vite][22m[39m [90m[2m(client)[22m[39m [32mhmr update [39m[2m/src/app.css[22m
[2m3:39:05 PM[22m [36m[1m[vite][22m[39m [34m[2m(ssr)[22m[39m [32mpage reload [39m[2m.alchemy/pids/ralphwiggums-ralphwiggums-demo-jordan.pid.json[22m

[1;31m[500] GET /[0m

[2m3:39:06 PM[22m [36m[1m[vite][22m[39m [90m[2m(client)[22m[39m [32mhmr update [39m[2m/src/app.css[22m
[2m3:39:06 PM[22m [36m[1m[vite][22m[39m [34m[2m(ssr)[22m[39m [32mpage reload [39m[2m.alchemy/pids/ralphwiggums-ralphwiggums-demo-jordan.pid.json[22m

[1;31m[500] GET /[0m

[2m3:39:06 PM[22m [36m[1m[vite][22m[39m [90m[2m(client)[22m[39m [32mhmr update [39m[2m/src/app.css[22m
[2m3:39:06 PM[22m [36m[1m[vite][22m[39m [34m[2m(ssr)[22m[39m [32mpage reload [39m[2m.alchemy/pids/ralphwiggums-ralphwiggums-demo-jordan.pid.json[22m

[1;31m[500] GET /[0m

[2m3:39:06 PM[22m [36m[1m[vite][22m[39m [90m[2m(client)[22m[39m [32mhmr update [39m[2m/src/app.css[22m
[2m3:39:06 PM[22m [36m[1m[vite][22m[39m [34m[2m(ssr)[22m[39m [32mpage reload [39m[2m.alchemy/pids/ralphwiggums-ralphwiggums-demo-jordan.pid.json[22m

[1;31m[500] GET /[0m

[2m3:39:06 PM[22m [36m[1m[vite][22m[39m [90m[2m(client)[22m[39m [32mhmr update [39m[2m/src/app.css[22m
[2m3:39:06 PM[22m [36m[1m[vite][22m[39m [34m[2m(ssr)[22m[39m [32mpage reload [39m[2m.alchemy/pids/ralphwiggums-ralphwiggums-demo-jordan.pid.json[22m

[1;31m[500] GET /[0m

[2m3:39:06 PM[22m [36m[1m[vite][22m[39m [90m[2m(client)[22m[39m [32mhmr update [39m[2m/src/app.css[22m
[2m3:39:06 PM[22m [36m[1m[vite][22m[39m [34m[2m(ssr)[22m[39m [32mpage reload [39m[2m.alchemy/pids/ralphwiggums-ralphwiggums-demo-jordan.pid.json[22m

[1;31m[500] GET /[0m

[2m3:39:06 PM[22m [36m[1m[vite][22m[39m [90m[2m(client)[22m[39m [32mhmr update [39m[2m/src/app.css[22m
[2m3:39:06 PM[22m [36m[1m[vite][22m[39m [34m[2m(ssr)[22m[39m [32mpage reload [39m[2m.alchemy/pids/ralphwiggums-ralphwiggums-demo-jordan.pid.json[22m

[1;31m[500] GET /[0m

[2m3:39:06 PM[22m [36m[1m[vite][22m[39m [90m[2m(client)[22m[39m [32mhmr update [39m[2m/src/app.css[22m
[2m3:39:06 PM[22m [36m[1m[vite][22m[39m [34m[2m(ssr)[22m[39m [32mpage reload [39m[2m.alchemy/pids/ralphwiggums-ralphwiggums-demo-jordan.pid.json[22m
[2m3:39:06 PM[22m [36m[1m[vite][22m[39m [90m[2m(client)[22m[39m [32mhmr update [39m[2m/src/app.css[22m
[2m3:39:06 PM[22m [36m[1m[vite][22m[39m [34m[2m(ssr)[22m[39m [32mpage reload [39m[2m.alchemy/pids/ralphwiggums-ralphwiggums-demo-jordan.pid.json[22m
[2m3:39:06 PM[22m [36m[1m[vite][22m[39m [90m[2m(client)[22m[39m [32mhmr update [39m[2m/src/app.css[22m
[2m3:39:06 PM[22m [36m[1m[vite][22m[39m [34m[2m(ssr)[22m[39m [32mpage reload [39m[2m.alchemy/pids/ralphwiggums-ralphwiggums-demo-jordan.pid.json[22m
[2m3:39:06 PM[22m [36m[1m[vite][22m[39m [90m[2m(client)[22m[39m [32mhmr update [39m[2m/src/app.css[22m
[2m3:39:06 PM[22m [36m[1m[vite][22m[39m [34m[2m(ssr)[22m[39m [32mpage reload [39m[2m.alchemy/pids/ralphwiggums-ralphwiggums-demo-jordan.pid.json[22m
[2m3:39:07 PM[22m [36m[1m[vite][22m[39m [90m[2m(client)[22m[39m [32mhmr update [39m[2m/src/app.css[22m
[2m3:39:07 PM[22m [36m[1m[vite][22m[39m [34m[2m(ssr)[22m[39m [32mpage reload [39m[2m.alchemy/pids/ralphwiggums-ralphwiggums-demo-jordan.pid.json[22m
[2m3:39:07 PM[22m [36m[1m[vite][22m[39m [90m[2m(client)[22m[39m [32mhmr update [39m[2m/src/app.css[22m
[2m3:39:07 PM[22m [36m[1m[vite][22m[39m [34m[2m(ssr)[22m[39m [32mpage reload [39m[2m.alchemy/pids/ralphwiggums-ralphwiggums-demo-jordan.pid.json[22m
[2m3:39:07 PM[22m [36m[1m[vite][22m[39m [90m[2m(client)[22m[39m [32mhmr update [39m[2m/src/app.css[22m
[2m3:39:07 PM[22m [36m[1m[vite][22m[39m [34m[2m(ssr)[22m[39m [32mpage reload [39m[2m.alchemy/pids/ralphwiggums-ralphwiggums-demo-jordan.pid.json[22m
[2m3:39:07 PM[22m [36m[1m[vite][22m[39m [90m[2m(client)[22m[39m [32mhmr update [39m[2m/src/app.css[22m
[2m3:39:07 PM[22m [36m[1m[vite][22m[39m [34m[2m(ssr)[22m[39m [32mpage reload [39m[2m.alchemy/pids/ralphwiggums-ralphwiggums-demo-jordan.pid.json[22m
[2m3:39:07 PM[22m [36m[1m[vite][22m[39m [90m[2m(client)[22m[39m [32mhmr update [39m[2m/src/app.css[22m
[2m3:39:07 PM[22m [36m[1m[vite][22m[39m [34m[2m(ssr)[22m[39m [32mpage reload [39m[2m.alchemy/pids/ralphwiggums-ralphwiggums-demo-jordan.pid.json[22m
[2m3:39:07 PM[22m [36m[1m[vite][22m[39m [90m[2m(client)[22m[39m [32mhmr update [39m[2m/src/app.css[22m
[2m3:39:07 PM[22m [36m[1m[vite][22m[39m [34m[2m(ssr)[22m[39m [32mpage reload [39m[2m.alchemy/pids/ralphwiggums-ralphwiggums-demo-jordan.pid.json[22m
[2m3:39:07 PM[22m [36m[1m[vite][22m[39m [90m[2m(client)[22m[39m [32mhmr update [39m[2m/src/app.css[22m
[2m3:39:07 PM[22m [36m[1m[vite][22m[39m [34m[2m(ssr)[22m[39m [32mpage reload [39m[2m.alchemy/pids/ralphwiggums-ralphwiggums-demo-jordan.pid.json[22m
[2m3:39:07 PM[22m [36m[1m[vite][22m[39m [90m[2m(client)[22m[39m [32mhmr update [39m[2m/src/app.css[22m
[2m3:39:07 PM[22m [36m[1m[vite][22m[39m [34m[2m(ssr)[22m[39m [32mpage reload [39m[2m.alchemy/pids/ralphwiggums-ralphwiggums-demo-jordan.pid.json[22m
[2m3:39:07 PM[22m [36m[1m[vite][22m[39m [90m[2m(client)[22m[39m [32mhmr update [39m[2m/src/app.css[22m
[2m3:39:07 PM[22m [36m[1m[vite][22m[39m [34m[2m(ssr)[22m[39m [32mpage reload [39m[2m.alchemy/pids/ralphwiggums-ralphwiggums-demo-jordan.pid.json[22m
[2m3:39:07 PM[22m [36m[1m[vite][22m[39m [90m[2m(client)[22m[39m [32mhmr update [39m[2m/src/app.css[22m
[2m3:39:07 PM[22m [36m[1m[vite][22m[39m [34m[2m(ssr)[22m[39m [32mpage reload [39m[2m.alchemy/pids/ralphwiggums-ralphwiggums-demo-jordan.pid.json[22m
[2m3:39:08 PM[22m [36m[1m[vite][22m[39m [90m[2m(client)[22m[39m [32mhmr update [39m[2m/src/app.css[22m
[2m3:39:08 PM[22m [36m[1m[vite][22m[39m [34m[2m(ssr)[22m[39m [32mpage reload [39m[2m.alchemy/pids/ralphwiggums-ralphwiggums-demo-jordan.pid.json[22m
[2m3:39:08 PM[22m [36m[1m[vite][22m[39m [90m[2m(client)[22m[39m [32mhmr update [39m[2m/src/app.css[22m
[2m3:39:08 PM[22m [36m[1m[vite][22m[39m [34m[2m(ssr)[22m[39m [32mpage reload [39m[2m.alchemy/pids/ralphwiggums-ralphwiggums-demo-jordan.pid.json[22m
[2m3:39:08 PM[22m [36m[1m[vite][22m[39m [90m[2m(client)[22m[39m [32mhmr update [39m[2m/src/app.css[22m
[2m3:39:08 PM[22m [36m[1m[vite][22m[39m [34m[2m(ssr)[22m[39m [32mpage reload [39m[2m.alchemy/pids/ralphwiggums-ralphwiggums-demo-jordan.pid.json[22m
[2m3:39:08 PM[22m [36m[1m[vite][22m[39m [90m[2m(client)[22m[39m [32mhmr update [39m[2m/src/app.css[22m
[2m3:39:08 PM[22m [36m[1m[vite][22m[39m [34m[2m(ssr)[22m[39m [32mpage reload [39m[2m.alchemy/pids/ralphwiggums-ralphwiggums-demo-jordan.pid.json[22m
[2m3:39:08 PM[22m [36m[1m[vite][22m[39m [90m[2m(client)[22m[39m [32mhmr update [39m[2m/src/app.css[22m
[2m3:39:08 PM[22m [36m[1m[vite][22m[39m [34m[2m(ssr)[22m[39m [32mpage reload [39m[2m.alchemy/pids/ralphwiggums-ralphwiggums-demo-jordan.pid.json[22m
[2m3:39:08 PM[22m [36m[1m[vite][22m[39m [90m[2m(client)[22m[39m [32mhmr update [39m[2m/src/app.css[22m
[2m3:39:08 PM[22m [36m[1m[vite][22m[39m [34m[2m(ssr)[22m[39m [32mpage reload [39m[2m.alchemy/pids/ralphwiggums-ralphwiggums-demo-jordan.pid.json[22m
[2m3:39:08 PM[22m [36m[1m[vite][22m[39m [90m[2m(client)[22m[39m [32mhmr update [39m[2m/src/app.css[22m
[2m3:39:08 PM[22m [36m[1m[vite][22m[39m [34m[2m(ssr)[22m[39m [32mpage reload [39m[2m.alchemy/pids/ralphwiggums-ralphwiggums-demo-jordan.pid.json[22m
[2m3:39:08 PM[22m [36m[1m[vite][22m[39m [90m[2m(client)[22m[39m [32mhmr update [39m[2m/src/app.css[22m
[2m3:39:08 PM[22m [36m[1m[vite][22m[39m [34m[2m(ssr)[22m[39m [32mpage reload [39m[2m.alchemy/pids/ralphwiggums-ralphwiggums-demo-jordan.pid.json[22m
[2m3:39:08 PM[22m [36m[1m[vite][22m[39m [90m[2m(client)[22m[39m [32mhmr update [39m[2m/src/app.css[22m
[2m3:39:08 PM[22m [36m[1m[vite][22m[39m [34m[2m(ssr)[22m[39m [32mpage reload [39m[2m.alchemy/pids/ralphwiggums-ralphwiggums-demo-jordan.pid.json[22m
[90mExiting...[39m
