[96mAlchemy[0m (v0.83.0)
App: ralphwiggums
Phase: up
Stage: jordan
[93mWARN[0m Development mode is in beta. Please report any issues to https://github.com/alchemy-run/alchemy/issues.
[93m[skipped]   [0m[90mrate-limit[0m Skipped Resource (no changes)
[35m[updating]  [0m[90mralph-container[0m Updating Resource...
#0 building with "desktop-linux" instance using docker driver

#1 [internal] load build definition from Dockerfile
#1 transferring dockerfile:
#1 transferring dockerfile: 235B done
#1 DONE 0.0s

#2 [internal] load metadata for docker.io/oven/bun:1-alpine
#2 DONE 0.4s

#3 [internal] load .dockerignore
#3 transferring context: 2B done
#3 DONE 0.0s

#4 [1/5] FROM docker.io/oven/bun:1-alpine@sha256:7156fcc0cee0194d390bfaf7f0eeda9a5e383e70cc90f31aad3a2440a033d7dc
#4 resolve docker.io/oven/bun:1-alpine@sha256:7156fcc0cee0194d390bfaf7f0eeda9a5e383e70cc90f31aad3a2440a033d7dc done
#4 DONE 0.0s

#5 [internal] load build context
#5 transferring context: 531B 0.7s done
#5 DONE 0.7s

#6 [2/5] WORKDIR /app
#6 CACHED

#7 [3/5] COPY package.json bun.lock* ./
#7 CACHED

#8 [4/5] RUN bun install
#8 CACHED

#9 [5/5] COPY container/ .
#9 CACHED

#10 exporting to image
#10 exporting layers done
#10 exporting manifest sha256:097f981fd11bd0b59b7a52d97959cb6542e85447107d28aef6ce05cff1fddbac done
#10 exporting config sha256:8e4dbecdfe98128c2c2a6532896c8e93478303e8e7f320997e7492626f3f2d05 done
#10 exporting attestation manifest sha256:8602a0aa3c4c967eb825018eb5eae89be73f0d1a7c48542ebb40999443654953 done
#10 exporting manifest list sha256:16930fb55f7751ea3e296e0f03bd652bb936bd7dee350b51301da502fe2343f0 done
#10 naming to docker.io/cloudflare-dev/ralphwiggums-ralph-container-jordan:latest-1767818453945 done
#10 DONE 0.0s

View build details: docker-desktop://dashboard/build/desktop-linux/desktop-linux/u0g2j91amr73cgqatowsveeaw
[92m[updated]   [0m[90mralph-container[0m Updated Resource
[35m[updating]  [0m[90mralphwiggums-api[0m Updating Resource...
RalphWiggums Container Server starting on port 8081...
[96m[dev]       [0m[90mralphwiggums-api[0m Ready at http://localhost:1337/
[35m[updating]  [0m[90mralphwiggums-api > ralph-container[0m Updating Resource...
[92m[updated]   [0m[90mralphwiggums-api > ralph-container[0m Updated Resource
[92m[updated]   [0m[90mralphwiggums-api[0m Updated Resource
[2m3:40:57 PM[22m [36m[1m[vite][22m[39m [90m[2m(client)[22m[39m Re-optimizing dependencies because vite config has changed

  [32m[1mVITE[22m v7.3.0[39m  [2mready in [0m[1m686[22m[2m[0m ms[22m

  [32m➜[39m  [1mLocal[22m:   [36mhttp://localhost:[1m5173[22m/[39m
[2m  [32m➜[39m  [1mNetwork[22m[2m: use [22m[1m--host[22m[2m to expose[22m
[35m[updating]  [0m[90mralphwiggums-demo[0m Updating Resource...
[93m[skipped]   [0m[90mralphwiggums-demo > url[0m Skipped Resource (no changes)
[92m[updated]   [0m[90mralphwiggums-demo[0m Updated Resource
{
  [0murl[2m:[0m [0m[32m[0m[32m"http://localhost:5173/"[0m[0m[0m[2m,[0m
}
[96m[dev]       [0m[90mralphwiggums-api[0m Rebuilding
[2m3:40:58 PM[22m [31m[1m[vite][22m[39m [31m[2m(ssr)[22m[39m [31mError when evaluating SSR module /src/routes/+page.svelte: src/lib/ExtractionForm.svelte:6:15 Cannot use rune without parentheses
https://svelte.dev/e/rune_missing_parentheses[39m
  Plugin: [35mvite-plugin-svelte:compile[39m
  File: [36msrc/lib/ExtractionForm.svelte[39m:6:15
[33m   4 |    let instructions = $state('name, price, description, key features, star rating, in stock status');
   5 |    let loading = $state(false);
   6 |    let output = $state<string | null>(null);
                             ^
   7 |    let error = $state<string | null>(null);
   8 |  [39m
[2m3:40:58 PM[22m [31m[1m[vite][22m[39m [31m[2m(ssr)[22m[39m [31mError when evaluating SSR module /src/routes/+page.svelte: src/lib/ExtractionForm.svelte:6:15 Cannot use rune without parentheses
https://svelte.dev/e/rune_missing_parentheses[39m
  Plugin: [35mvite-plugin-svelte:compile[39m
  File: [36msrc/lib/ExtractionForm.svelte[39m:6:15
[33m   4 |    let instructions = $state('name, price, description, key features, star rating, in stock status');
   5 |    let loading = $state(false);
   6 |    let output = $state<string | null>(null);
                             ^
   7 |    let error = $state<string | null>(null);
   8 |  [39m

[1;31m[500] GET /[0m


[1;31m[500] GET /[0m

RalphWiggums Container Server starting on port 8081...
[96m[dev]       [0m[90mralphwiggums-api[0m Updated
[2m3:41:58 PM[22m [36m[1m[vite][22m[39m [90m[2m(client)[22m[39m [32mhmr update [39m[2m/src/app.css[22m
[2m3:41:58 PM[22m [36m[1m[vite][22m[39m [34m[2m(ssr)[22m[39m [32mpage reload [39m[2msrc/lib/ExtractionForm.svelte[22m
[2m3:41:58 PM[22m [31m[1m[vite][22m[39m [31m[2m(ssr)[22m[39m [31mError when evaluating SSR module /src/routes/+page.svelte: /Users/jordan/Desktop/ralphwiggums/src/lib/ExtractionForm.svelte:6:14 Unexpected token
https://svelte.dev/e/js_parse_error[39m
  Plugin: [35mvite-plugin-svelte:compile[39m
  File: [36m/Users/jordan/Desktop/ralphwiggums/src/lib/ExtractionForm.svelte[39m:6:14
[33m   4 |    let instructions = $state('name, price, description, key features, star rating, in stock status');
   5 |    let loading = $state(false);
   6 |    let output: string | null = $state(null);
                      ^
   7 |    let error: string | null = $state(null);
   8 |  [39m

[1;31m[500] GET /[0m


[1;31m[500] GET /[0m


[1;31m[500] GET /[0m


[1;31m[500] GET /[0m


[1;31m[500] GET /[0m


[1;31m[500] GET /[0m


[1;31m[500] GET /[0m

[2m3:43:08 PM[22m [36m[1m[vite][22m[39m [34m[2m(ssr)[22m[39m [32mpage reload [39m[2m.svelte-kit/generated/server/internal.js[22m
[2m3:43:08 PM[22m [36m[1m[vite][22m[39m [90m[2m(client)[22m[39m [32mpage reload [39m[2m.svelte-kit/generated/root.js[22m
[2m3:43:08 PM[22m [36m[1m[vite][22m[39m [34m[2m(ssr)[22m[39m [32mpage reload [39m[2m.svelte-kit/generated/root.js[22m
[2m3:43:08 PM[22m [36m[1m[vite][22m[39m [34m[2m(ssr)[22m[39m [32mpage reload [39m[2m.svelte-kit/generated/root.svelte[22m
[2m3:43:08 PM[22m [36m[1m[vite][22m[39m [90m[2m(client)[22m[39m [32mpage reload [39m[2m.svelte-kit/generated/client/nodes/0.js[22m
[2m3:43:08 PM[22m [36m[1m[vite][22m[39m [90m[2m(client)[22m[39m [32mpage reload [39m[2m.svelte-kit/generated/client/nodes/1.js[22m
[2m3:43:08 PM[22m [36m[1m[vite][22m[39m [90m[2m(client)[22m[39m [32mpage reload [39m[2m.svelte-kit/generated/client/matchers.js[22m
[2m3:43:08 PM[22m [36m[1m[vite][22m[39m [90m[2m(client)[22m[39m [32mpage reload [39m[2m.svelte-kit/generated/client/app.js[22m
[2m3:43:08 PM[22m [31m[1m[vite][22m[39m [31m[2m(ssr)[22m[39m [31mError when evaluating SSR module /node_modules/@sveltejs/kit/src/runtime/server/index.js: Failed to load url /.svelte-kit/generated/server/internal.js (resolved id: /Users/jordan/Desktop/ralphwiggums/.svelte-kit/generated/server/internal.js) in /Users/jordan/Desktop/ralphwiggums/node_modules/@sveltejs/kit/src/runtime/server/index.js. Does the file exist?[39m
      at loadAndTransform (file:///Users/jordan/Desktop/ralphwiggums/node_modules/vite/dist/node/chunks/config.js:22662:33)
      at async fetchModule (file:///Users/jordan/Desktop/ralphwiggums/node_modules/vite/dist/node/chunks/config.js:33992:15)
      at async handleInvoke (file:///Users/jordan/Desktop/ralphwiggums/node_modules/vite/dist/node/chunks/config.js:25833:21)
      at async EventEmitter.listenerForInvokeHandler (file:///Users/jordan/Desktop/ralphwiggums/node_modules/vite/dist/node/chunks/config.js:25888:13)
[96m[dev]       [0m[90mralphwiggums-api[0m Rebuilding
▲ [WARNING] Cannot find base config file "./.svelte-kit/tsconfig.json" [tsconfig.json]

    tsconfig.json:2:12:
      2 │   "extends": "./.svelte-kit/tsconfig.json",
        ╵              ~~~~~~~~~~~~~~~~~~~~~~~~~~~~~

RalphWiggums Container Server starting on port 8081...
[96m[dev]       [0m[90mralphwiggums-api[0m Updated
[96m[dev]       [0m[90mralphwiggums-api[0m Rebuilding
RalphWiggums Container Server starting on port 8081...
[96m[dev]       [0m[90mralphwiggums-api[0m Updated
[2m3:44:27 PM[22m [36m[1m[vite][22m[39m [90m[2m(client)[22m[39m [32mpage reload [39m[2m.svelte-kit/generated/client/nodes/0.js[22m
[2m3:44:27 PM[22m [36m[1m[vite][22m[39m [90m[2m(client)[22m[39m [32mpage reload [39m[2m.svelte-kit/generated/client/nodes/1.js[22m
[2m3:44:27 PM[22m [36m[1m[vite][22m[39m [90m[2m(client)[22m[39m [32mpage reload [39m[2m.svelte-kit/generated/client/app.js[22m
[2m3:44:27 PM[22m [36m[1m[vite][22m[39m [90m[2m(client)[22m[39m [32mpage reload [39m[2m.svelte-kit/generated/client/matchers.js[22m
[2m3:44:27 PM[22m [36m[1m[vite][22m[39m [34m[2m(ssr)[22m[39m [32mpage reload [39m[2m.svelte-kit/generated/server/internal.js[22m
[2m3:44:27 PM[22m [36m[1m[vite][22m[39m [90m[2m(client)[22m[39m [32mpage reload [39m[2m.svelte-kit/generated/root.js[22m
[2m3:44:27 PM[22m [36m[1m[vite][22m[39m [34m[2m(ssr)[22m[39m [32mpage reload [39m[2m.svelte-kit/generated/root.js[22m
[2m3:44:27 PM[22m [36m[1m[vite][22m[39m [34m[2m(ssr)[22m[39m [32mpage reload [39m[2m.svelte-kit/generated/root.svelte[22m
[2m3:44:49 PM[22m [36m[1m[vite][22m[39m [90m[2m(client)[22m[39m [32mhmr update [39m[2m/src/app.css[22m
[2m3:44:49 PM[22m [36m[1m[vite][22m[39m [34m[2m(ssr)[22m[39m [32mpage reload [39m[2msrc/lib/ExtractionForm.svelte[22m
[2m3:44:59 PM[22m [36m[1m[vite][22m[39m [90m[2m(client)[22m[39m [32mpage reload [39m[2m.svelte-kit/generated/client/nodes/0.js[22m
[2m3:44:59 PM[22m [36m[1m[vite][22m[39m [90m[2m(client)[22m[39m [32mpage reload [39m[2m.svelte-kit/generated/client/nodes/1.js[22m
[2m3:44:59 PM[22m [36m[1m[vite][22m[39m [90m[2m(client)[22m[39m [32mpage reload [39m[2m.svelte-kit/generated/client/app.js[22m
[2m3:44:59 PM[22m [36m[1m[vite][22m[39m [90m[2m(client)[22m[39m [32mpage reload [39m[2m.svelte-kit/generated/client/matchers.js[22m
[2m3:44:59 PM[22m [36m[1m[vite][22m[39m [34m[2m(ssr)[22m[39m [32mpage reload [39m[2m.svelte-kit/generated/server/internal.js[22m
[2m3:44:59 PM[22m [36m[1m[vite][22m[39m [90m[2m(client)[22m[39m [32mpage reload [39m[2m.svelte-kit/generated/root.js[22m
[2m3:44:59 PM[22m [36m[1m[vite][22m[39m [34m[2m(ssr)[22m[39m [32mpage reload [39m[2m.svelte-kit/generated/root.js[22m
[2m3:44:59 PM[22m [36m[1m[vite][22m[39m [34m[2m(ssr)[22m[39m [32mpage reload [39m[2m.svelte-kit/generated/root.svelte[22m
[2m3:45:21 PM[22m [36m[1m[vite][22m[39m [90m[2m(client)[22m[39m [32mhmr update [39m[2m/src/app.css[22m
[2m3:45:21 PM[22m [36m[1m[vite][22m[39m [34m[2m(ssr)[22m[39m [32mpage reload [39m[2msrc/lib/ExtractionForm.svelte[22m
[2m3:45:31 PM[22m [36m[1m[vite][22m[39m [90m[2m(client)[22m[39m [32mhmr update [39m[2m/src/app.css[22m
[2m3:45:31 PM[22m [36m[1m[vite][22m[39m [34m[2m(ssr)[22m[39m [32mpage reload [39m[2msrc/lib/ExtractionForm.svelte[22m
[2m3:45:43 PM[22m [36m[1m[vite][22m[39m [90m[2m(client)[22m[39m [32mhmr update [39m[2m/src/app.css[22m
[2m3:45:43 PM[22m [36m[1m[vite][22m[39m [34m[2m(ssr)[22m[39m [32mpage reload [39m[2msrc/lib/ExtractionForm.svelte[22m
[2m3:45:53 PM[22m [36m[1m[vite][22m[39m [90m[2m(client)[22m[39m [32mhmr update [39m[2m/src/app.css[22m
[2m3:45:53 PM[22m [36m[1m[vite][22m[39m [34m[2m(ssr)[22m[39m [32mpage reload [39m[2msrc/lib/ExtractionForm.svelte[22m
[2m3:46:02 PM[22m [36m[1m[vite][22m[39m [90m[2m(client)[22m[39m [32mpage reload [39m[2m.svelte-kit/generated/client/nodes/0.js[22m
[2m3:46:02 PM[22m [36m[1m[vite][22m[39m [90m[2m(client)[22m[39m [32mpage reload [39m[2m.svelte-kit/generated/client/nodes/1.js[22m
[2m3:46:02 PM[22m [36m[1m[vite][22m[39m [90m[2m(client)[22m[39m [32mpage reload [39m[2m.svelte-kit/generated/client/app.js[22m
[2m3:46:02 PM[22m [36m[1m[vite][22m[39m [90m[2m(client)[22m[39m [32mpage reload [39m[2m.svelte-kit/generated/client/matchers.js[22m
[2m3:46:02 PM[22m [36m[1m[vite][22m[39m [34m[2m(ssr)[22m[39m [32mpage reload [39m[2m.svelte-kit/generated/server/internal.js[22m
[2m3:46:02 PM[22m [36m[1m[vite][22m[39m [90m[2m(client)[22m[39m [32mpage reload [39m[2m.svelte-kit/generated/root.js[22m
[2m3:46:02 PM[22m [36m[1m[vite][22m[39m [34m[2m(ssr)[22m[39m [32mpage reload [39m[2m.svelte-kit/generated/root.js[22m
[2m3:46:02 PM[22m [36m[1m[vite][22m[39m [34m[2m(ssr)[22m[39m [32mpage reload [39m[2m.svelte-kit/generated/root.svelte[22m
[2m3:46:45 PM[22m [36m[1m[vite][22m[39m [90m[2m(client)[22m[39m [32mhmr update [39m[2m/src/app.css[22m
[2m3:46:45 PM[22m [36m[1m[vite][22m[39m [34m[2m(ssr)[22m[39m [32mpage reload [39m[2msrc/lib/ExtractionForm.svelte[22m
[2m3:46:55 PM[22m [36m[1m[vite][22m[39m [90m[2m(client)[22m[39m [32mpage reload [39m[2m.svelte-kit/generated/client/nodes/0.js[22m
[2m3:46:55 PM[22m [36m[1m[vite][22m[39m [90m[2m(client)[22m[39m [32mpage reload [39m[2m.svelte-kit/generated/client/nodes/1.js[22m
[2m3:46:55 PM[22m [36m[1m[vite][22m[39m [90m[2m(client)[22m[39m [32mpage reload [39m[2m.svelte-kit/generated/client/app.js[22m
[2m3:46:55 PM[22m [36m[1m[vite][22m[39m [90m[2m(client)[22m[39m [32mpage reload [39m[2m.svelte-kit/generated/client/matchers.js[22m
[2m3:46:55 PM[22m [36m[1m[vite][22m[39m [34m[2m(ssr)[22m[39m [32mpage reload [39m[2m.svelte-kit/generated/server/internal.js[22m
[2m3:46:55 PM[22m [36m[1m[vite][22m[39m [90m[2m(client)[22m[39m [32mpage reload [39m[2m.svelte-kit/generated/root.js[22m
[2m3:46:55 PM[22m [36m[1m[vite][22m[39m [34m[2m(ssr)[22m[39m [32mpage reload [39m[2m.svelte-kit/generated/root.js[22m
[2m3:46:55 PM[22m [36m[1m[vite][22m[39m [34m[2m(ssr)[22m[39m [32mpage reload [39m[2m.svelte-kit/generated/root.svelte[22m
[2m3:47:10 PM[22m [36m[1m[vite][22m[39m [90m[2m(client)[22m[39m [32mhmr update [39m[2m/src/app.css[22m
[2m3:47:10 PM[22m [36m[1m[vite][22m[39m [34m[2m(ssr)[22m[39m [32mpage reload [39m[2msrc/lib/ExtractionForm.svelte[22m
[2m3:47:19 PM[22m [36m[1m[vite][22m[39m [90m[2m(client)[22m[39m [32mpage reload [39m[2m.svelte-kit/generated/client/nodes/0.js[22m
[2m3:47:19 PM[22m [36m[1m[vite][22m[39m [90m[2m(client)[22m[39m [32mpage reload [39m[2m.svelte-kit/generated/client/nodes/1.js[22m
[2m3:47:19 PM[22m [36m[1m[vite][22m[39m [90m[2m(client)[22m[39m [32mpage reload [39m[2m.svelte-kit/generated/client/app.js[22m
[2m3:47:19 PM[22m [36m[1m[vite][22m[39m [90m[2m(client)[22m[39m [32mpage reload [39m[2m.svelte-kit/generated/client/matchers.js[22m
[2m3:47:19 PM[22m [36m[1m[vite][22m[39m [34m[2m(ssr)[22m[39m [32mpage reload [39m[2m.svelte-kit/generated/server/internal.js[22m
[2m3:47:19 PM[22m [36m[1m[vite][22m[39m [90m[2m(client)[22m[39m [32mpage reload [39m[2m.svelte-kit/generated/root.js[22m
[2m3:47:19 PM[22m [36m[1m[vite][22m[39m [34m[2m(ssr)[22m[39m [32mpage reload [39m[2m.svelte-kit/generated/root.js[22m
[2m3:47:19 PM[22m [36m[1m[vite][22m[39m [34m[2m(ssr)[22m[39m [32mpage reload [39m[2m.svelte-kit/generated/root.svelte[22m
[2m3:47:21 PM[22m [36m[1m[vite][22m[39m [90m[2m(client)[22m[39m [32mpage reload [39m[2m.svelte-kit/cloudflare/404.html[22m
[96m[dev]       [0m[90mralphwiggums-api[0m Rebuilding
▲ [WARNING] Cannot find base config file "./.svelte-kit/tsconfig.json" [tsconfig.json]

    tsconfig.json:2:12:
      2 │   "extends": "./.svelte-kit/tsconfig.json",
        ╵              ~~~~~~~~~~~~~~~~~~~~~~~~~~~~~

[2m3:47:37 PM[22m [36m[1m[vite][22m[39m [34m[2m(ssr)[22m[39m [32mpage reload [39m[2m.svelte-kit/generated/server/internal.js[22m
[2m3:47:37 PM[22m [36m[1m[vite][22m[39m [90m[2m(client)[22m[39m [32mpage reload [39m[2m.svelte-kit/generated/root.js[22m
[2m3:47:37 PM[22m [36m[1m[vite][22m[39m [34m[2m(ssr)[22m[39m [32mpage reload [39m[2m.svelte-kit/generated/root.js[22m
[2m3:47:37 PM[22m [36m[1m[vite][22m[39m [34m[2m(ssr)[22m[39m [32mpage reload [39m[2m.svelte-kit/generated/root.svelte[22m
[2m3:47:37 PM[22m [36m[1m[vite][22m[39m [90m[2m(client)[22m[39m [32mpage reload [39m[2m.svelte-kit/generated/client/nodes/0.js[22m
[2m3:47:37 PM[22m [36m[1m[vite][22m[39m [90m[2m(client)[22m[39m [32mpage reload [39m[2m.svelte-kit/generated/client/nodes/1.js[22m
[2m3:47:37 PM[22m [36m[1m[vite][22m[39m [90m[2m(client)[22m[39m [32mpage reload [39m[2m.svelte-kit/generated/client/matchers.js[22m
[2m3:47:37 PM[22m [36m[1m[vite][22m[39m [90m[2m(client)[22m[39m [32mpage reload [39m[2m.svelte-kit/generated/client/app.js[22m
[2m3:47:37 PM[22m [36m[1m[vite][22m[39m [90m[2m(client)[22m[39m [32mpage reload [39m[2m.svelte-kit/cloudflare/404.html[22m
RalphWiggums Container Server starting on port 8081...
[96m[dev]       [0m[90mralphwiggums-api[0m Updated
[2m3:48:07 PM[22m [31m[1m[vite][22m[39m [31m[2m(ssr)[22m[39m [31mError when evaluating SSR module /node_modules/@sveltejs/kit/src/runtime/server/index.js: Failed to load url /.svelte-kit/generated/server/internal.js (resolved id: /Users/jordan/Desktop/ralphwiggums/.svelte-kit/generated/server/internal.js) in /Users/jordan/Desktop/ralphwiggums/node_modules/@sveltejs/kit/src/runtime/server/index.js. Does the file exist?[39m
      at loadAndTransform (file:///Users/jordan/Desktop/ralphwiggums/node_modules/vite/dist/node/chunks/config.js:22662:33)
      at async fetchModule (file:///Users/jordan/Desktop/ralphwiggums/node_modules/vite/dist/node/chunks/config.js:33992:15)
      at async handleInvoke (file:///Users/jordan/Desktop/ralphwiggums/node_modules/vite/dist/node/chunks/config.js:25833:21)
      at async EventEmitter.listenerForInvokeHandler (file:///Users/jordan/Desktop/ralphwiggums/node_modules/vite/dist/node/chunks/config.js:25888:13)
[96m[dev]       [0m[90mralphwiggums-api[0m Rebuilding
RalphWiggums Container Server starting on port 8081...
[96m[dev]       [0m[90mralphwiggums-api[0m Updated
[90mExiting...[39m
